<?xml version="1.0" encoding="UTF-8"?>
<!-- Generated by org.testng.reporters.JUnitReportReporter -->
<testsuite hostname="Aanya" failures="0" tests="1" name="com.MyTest.D03TestNgClass" time="0.016" errors="0" timestamp="2024-11-11T12:23:54 IST" skipped="0">
  <testcase classname="com.MyTest.D03TestNgClass" name="Mytest" time="0.016"/>
</testsuite> <!-- com.MyTest.D03TestNgClass -->
