<?xml version="1.0" encoding="UTF-8"?>
<!-- Generated by org.testng.reporters.JUnitReportReporter -->
<testsuite hostname="Aanya" failures="0" tests="1" name="com.RestAPItest.RequestWithBDD" time="4.500" errors="0" timestamp="2024-11-27T11:23:16 IST" skipped="0">
  <testcase classname="com.RestAPItest.RequestWithBDD" name="testSingleobject" time="4.500"/>
  <system-out/>
</testsuite> <!-- com.RestAPItest.RequestWithBDD -->
