<?xml version="1.0" encoding="UTF-8"?>
<!-- Generated by org.testng.reporters.JUnitReportReporter -->
<testsuite hostname="Aanya" failures="0" tests="2" name="com.RestAPItest.TestHotelAPIS" time="6.619" errors="0" timestamp="2024-11-27T12:01:24 IST" skipped="0">
  <testcase classname="com.RestAPItest.TestHotelAPIS" name="getAllBookingIds" time="4.128"/>
  <system-out/>
  <testcase classname="com.RestAPItest.TestHotelAPIS" name="createNewBooking" time="2.491"/>
  <system-out/>
</testsuite> <!-- com.RestAPItest.TestHotelAPIS -->
