<?xml version="1.0" encoding="UTF-8"?>
<!-- Generated by org.testng.reporters.JUnitReportReporter -->
<testsuite hostname="Aanya" failures="0" tests="1" name="com.RestAPItest.WaysToRequesrPayLoad" time="5.734" errors="0" timestamp="2024-11-27T13:02:20 IST" skipped="0">
  <testcase classname="com.RestAPItest.WaysToRequesrPayLoad" name="createTokenUsingPOJO" time="5.734"/>
  <system-out/>
</testsuite> <!-- com.RestAPItest.WaysToRequesrPayLoad -->
