<?xml version="1.0" encoding="UTF-8"?>
<!-- Generated by org.testng.reporters.JUnitReportReporter -->
<testsuite hostname="Aanya" failures="0" tests="4" name="APIAssignment.Assignment3UsingOAuth2" time="15.872" errors="0" timestamp="2024-12-06T03:46:40 IST" skipped="0">
  <testcase classname="APIAssignment.Assignment3UsingOAuth2" name="Oauth2Test" time="8.047"/>
  <system-out/>
  <testcase classname="APIAssignment.Assignment3UsingOAuth2" name="testBasicAuthentication" time="2.170"/>
  <system-out/>
  <testcase classname="APIAssignment.Assignment3UsingOAuth2" name="testDigestAuthentication" time="2.007"/>
  <system-out/>
  <testcase classname="APIAssignment.Assignment3UsingOAuth2" name="testBearerToken" time="3.648"/>
  <system-out/>
</testsuite> <!-- APIAssignment.Assignment3UsingOAuth2 -->
