<?xml version="1.0" encoding="UTF-8"?>
<!-- Generated by org.testng.reporters.JUnitReportReporter -->
<testsuite hostname="Aanya" failures="0" tests="4" name="com.APIScenarios.AuthenticationTest" time="17.488" errors="0" timestamp="2024-12-06T03:40:41 IST" skipped="0">
  <testcase classname="com.APIScenarios.AuthenticationTest" name="Oauth2Test" time="9.171"/>
  <system-out/>
  <testcase classname="com.APIScenarios.AuthenticationTest" name="testBasicAuthentication" time="2.236"/>
  <system-out/>
  <testcase classname="com.APIScenarios.AuthenticationTest" name="testDigestAuthentication" time="1.988"/>
  <system-out/>
  <testcase classname="com.APIScenarios.AuthenticationTest" name="testBearerToken" time="4.093"/>
  <system-out/>
</testsuite> <!-- com.APIScenarios.AuthenticationTest -->
