<?xml version="1.0" encoding="UTF-8"?>
<!-- Generated by org.testng.reporters.JUnitReportReporter -->
<testsuite hostname="Aanya" failures="0" tests="1" name="com.APIScenarios.TestWithParameters" time="5.371" errors="0" timestamp="2024-11-28T22:28:43 IST" skipped="0">
  <testcase classname="com.APIScenarios.TestWithParameters" name="testQuerryPathParameter" time="5.371"/>
  <system-out/>
</testsuite> <!-- com.APIScenarios.TestWithParameters -->
