<?xml version="1.0" encoding="UTF-8"?>
<!-- Generated by org.testng.reporters.JUnitReportReporter -->
<testsuite hostname="Aanya" failures="0" tests="1" name="APIAssignment.Assignment2MainSource" time="3.606" errors="0" timestamp="2024-12-06T03:32:31 IST" skipped="0">
  <testcase classname="APIAssignment.Assignment2MainSource" name="creatingNewDetails" time="3.606"/>
  <system-out/>
</testsuite> <!-- APIAssignment.Assignment2MainSource -->
