<?xml version="1.0" encoding="UTF-8"?>
<!-- Generated by org.testng.reporters.JUnitReportReporter -->
<testsuite hostname="Aanya" failures="0" tests="2" name="com.RestAPItest.RequestwithNONBDD" time="6.132" errors="0" timestamp="2024-12-05T19:42:49 IST" skipped="0">
  <testcase classname="com.RestAPItest.RequestwithNONBDD" name="testForListOfobject" time="4.516"/>
  <system-out/>
  <testcase classname="com.RestAPItest.RequestwithNONBDD" name="testSingleObject" time="1.616"/>
  <system-out/>
</testsuite> <!-- com.RestAPItest.RequestwithNONBDD -->
