<?xml version="1.0" encoding="UTF-8"?>
<!-- Generated by org.testng.reporters.JUnitReportReporter -->
<testsuite hostname="Aanya" failures="0" tests="2" name="com.APIScenarios.Header_CookiesValidation" time="4.006" errors="0" timestamp="2024-11-28T23:15:58 IST" skipped="0">
  <testcase classname="com.APIScenarios.Header_CookiesValidation" name="testHeaders" time="3.555"/>
  <system-out/>
  <testcase classname="com.APIScenarios.Header_CookiesValidation" name="testCookies" time="0.451"/>
  <system-out/>
</testsuite> <!-- com.APIScenarios.Header_CookiesValidation -->
