<?xml version="1.0" encoding="UTF-8"?>
<!-- Generated by org.testng.reporters.JUnitReportReporter -->
<testsuite hostname="Aanya" failures="0" tests="1" name="com.APIScenarios.SerializationWithDeserialization" time="0.337" errors="0" timestamp="2024-11-28T23:39:50 IST" skipped="0">
  <testcase classname="com.APIScenarios.SerializationWithDeserialization" name="testDeserialization" time="0.337"/>
  <system-out/>
</testsuite> <!-- com.APIScenarios.SerializationWithDeserialization -->
