<?xml version="1.0" encoding="UTF-8"?>
<!-- Generated by org.testng.reporters.JUnitReportReporter -->
<testsuite hostname="Aanya" failures="0" tests="5" name="com.RestAPItest.NewTestHotelAPISWithAPIChain" time="12.612" errors="0" timestamp="2024-12-05T22:17:46 IST" skipped="0">
  <testcase classname="com.RestAPItest.NewTestHotelAPISWithAPIChain" name="getAllBookingIds" time="5.138"/>
  <system-out/>
  <testcase classname="com.RestAPItest.NewTestHotelAPISWithAPIChain" name="createNewBooking" time="2.691"/>
  <system-out/>
  <testcase classname="com.RestAPItest.NewTestHotelAPISWithAPIChain" name="createToken" time="1.614"/>
  <system-out/>
  <testcase classname="com.RestAPItest.NewTestHotelAPISWithAPIChain" name="partialUpdate" time="1.579"/>
  <system-out/>
  <testcase classname="com.RestAPItest.NewTestHotelAPISWithAPIChain" name="deleteBooking" time="1.590"/>
  <system-out/>
</testsuite> <!-- com.RestAPItest.NewTestHotelAPISWithAPIChain -->
