<?xml version="1.0" encoding="UTF-8"?>
<!-- Generated by org.testng.reporters.JUnitReportReporter -->
<testsuite hostname="Aanya" failures="0" tests="5" name="APIAssignment.Assignmenino1WithRESTAssured" time="13.736" errors="0" timestamp="2024-12-06T03:30:29 IST" skipped="0">
  <testcase classname="APIAssignment.Assignmenino1WithRESTAssured" name="getAllDetails" time="5.836"/>
  <system-out/>
  <testcase classname="APIAssignment.Assignmenino1WithRESTAssured" name="addNewDetails" time="2.389"/>
  <system-out/>
  <testcase classname="APIAssignment.Assignmenino1WithRESTAssured" name="findUpdateDetails" time="1.674"/>
  <system-out/>
  <testcase classname="APIAssignment.Assignmenino1WithRESTAssured" name="updatingExistingData" time="2.088"/>
  <system-out/>
  <testcase classname="APIAssignment.Assignmenino1WithRESTAssured" name="deleteBooking" time="1.749"/>
  <system-out/>
</testsuite> <!-- APIAssignment.Assignmenino1WithRESTAssured -->
