<?xml version="1.0" encoding="UTF-8"?>
<!-- Generated by org.testng.reporters.JUnitReportReporter -->
<testsuite hostname="Aanya" failures="0" tests="10" name="TelicomProject.TelecomAPI" time="20.811" errors="0" timestamp="2024-12-29T16:14:23 IST" skipped="0">
  <testcase classname="TelicomProject.TelecomAPI" name="addNewUser" time="5.052"/>
  <system-out/>
  <testcase classname="TelicomProject.TelecomAPI" name="getProfile" time="1.732"/>
  <system-out/>
  <testcase classname="TelicomProject.TelecomAPI" name="updateUser" time="1.612"/>
  <system-out/>
  <testcase classname="TelicomProject.TelecomAPI" name="loginUser" time="2.229"/>
  <system-out/>
  <testcase classname="TelicomProject.TelecomAPI" name="addContact" time="1.637"/>
  <system-out/>
  <testcase classname="TelicomProject.TelecomAPI" name="getContactList" time="1.744"/>
  <system-out/>
  <testcase classname="TelicomProject.TelecomAPI" name="getContact" time="1.725"/>
  <system-out/>
  <testcase classname="TelicomProject.TelecomAPI" name="updateContact" time="1.594"/>
  <system-out/>
  <testcase classname="TelicomProject.TelecomAPI" name="updateContactpatch" time="1.727"/>
  <system-out/>
  <testcase classname="TelicomProject.TelecomAPI" name="logoutUser" time="1.759"/>
  <system-out/>
</testsuite> <!-- TelicomProject.TelecomAPI -->
