<?xml version="1.0" encoding="UTF-8"?>
<!-- Generated by org.testng.reporters.JUnitReportReporter -->
<testsuite hostname="Aanya" failures="0" tests="4" name="Com.ScenarioNo2.SecondScenario" time="25.096" errors="0" timestamp="2024-12-28T14:16:27 IST" skipped="0">
  <testcase classname="Com.ScenarioNo2.SecondScenario" name="loginTest" time="3.175"/>
  <system-out/>
  <testcase classname="Com.ScenarioNo2.SecondScenario" name="headersReading" time="0.712"/>
  <system-out/>
  <testcase classname="Com.ScenarioNo2.SecondScenario" name="empSearchByName" time="9.635"/>
  <system-out/>
  <testcase classname="Com.ScenarioNo2.SecondScenario" name="searchEmployeeById" time="11.574"/>
  <system-out/>
</testsuite> <!-- Com.ScenarioNo2.SecondScenario -->
