<?xml version="1.0" encoding="UTF-8"?>
<!-- Generated by org.testng.reporters.JUnitReportReporter -->
<testsuite hostname="Aanya" failures="0" tests="2" name="TelicomProject.TelecomTestApi" time="7.943" errors="0" timestamp="2024-12-29T16:21:11 IST" skipped="0">
  <testcase classname="TelicomProject.TelecomTestApi" name="login" time="2.190"/>
  <system-out/>
  <testcase classname="TelicomProject.TelecomTestApi" name="addUser" time="5.753"/>
  <system-out/>
</testsuite> <!-- TelicomProject.TelecomTestApi -->
