<?xml version="1.0" encoding="UTF-8"?>
<!-- Generated by org.testng.reporters.JUnitReportReporter -->
<testsuite hostname="Aanya" failures="0" tests="1" name="Com.ScenarioNo2.ReadingHeadrsandSearchingDetails" time="0.010" errors="0" timestamp="2024-12-28T11:53:50 IST" skipped="0">
  <testcase classname="Com.ScenarioNo2.ReadingHeadrsandSearchingDetails" name="login" time="0.010"/>
  <system-out/>
</testsuite> <!-- Com.ScenarioNo2.ReadingHeadrsandSearchingDetails -->
