<?xml version="1.0" encoding="UTF-8"?>
<!-- Generated by org.testng.reporters.JUnitReportReporter -->
<testsuite hostname="Aanya" failures="0" tests="1" name="com.TestMobileFeature.clickGesture" time="11.172" errors="0" timestamp="2024-12-09T19:32:42 IST" skipped="0">
  <testcase classname="com.TestMobileFeature.clickGesture" name="testClickGesture" time="11.172"/>
  <system-out/>
</testsuite> <!-- com.TestMobileFeature.clickGesture -->
