<?xml version="1.0" encoding="UTF-8"?>
<!-- Generated by org.testng.reporters.JUnitReportReporter -->
<testsuite hostname="Aanya" failures="0" tests="1" name="Assignment.AssignmentNo2" time="31.554" errors="0" timestamp="2024-12-16T21:02:04 IST" skipped="0">
  <testcase classname="Assignment.AssignmentNo2" name="ApplicationStatus" time="31.554"/>
  <system-out/>
</testsuite> <!-- Assignment.AssignmentNo2 -->
