<?xml version="1.0" encoding="UTF-8"?>
<!-- Generated by org.testng.reporters.JUnitReportReporter -->
<testsuite hostname="Aanya" failures="0" tests="1" name="com.DriverSession.CreateDriverSessionWithUiAutomator2Options" time="14.387" errors="0" timestamp="2024-12-03T09:51:38 IST" skipped="0">
  <testcase classname="com.DriverSession.CreateDriverSessionWithUiAutomator2Options" name="testDriverSession" time="14.387"/>
  <system-out/>
</testsuite> <!-- com.DriverSession.CreateDriverSessionWithUiAutomator2Options -->
