<?xml version="1.0" encoding="UTF-8"?>
<!-- Generated by org.testng.reporters.JUnitReportReporter -->
<testsuite hostname="Aanya" failures="0" tests="1" name="Assignment.AssignmentNo4" time="9.198" errors="0" timestamp="2024-12-16T21:05:57 IST" skipped="0">
  <testcase classname="Assignment.AssignmentNo4" name="TakeScreenShot" time="9.198"/>
  <system-out/>
</testsuite> <!-- Assignment.AssignmentNo4 -->
