<?xml version="1.0" encoding="UTF-8"?>
<!-- Generated by org.testng.reporters.JUnitReportReporter -->
<testsuite hostname="Aanya" failures="0" tests="1" name="Assignment.APIassignmeniNo1" time="10.809" errors="0" timestamp="2024-12-16T20:57:23 IST" skipped="0">
  <testcase classname="Assignment.APIassignmeniNo1" name="SessionIdForConnection" time="10.809"/>
  <system-out/>
</testsuite> <!-- Assignment.APIassignmeniNo1 -->
