<?xml version="1.0" encoding="UTF-8"?>
<!-- Generated by org.testng.reporters.JUnitReportReporter -->
<testsuite hostname="Aanya" failures="0" tests="1" name="Assignment.AssignmentNo3" time="16.074" errors="0" timestamp="2024-12-16T21:12:35 IST" skipped="0">
  <testcase classname="Assignment.AssignmentNo3" name="DragandDrop" time="16.074"/>
  <system-out/>
</testsuite> <!-- Assignment.AssignmentNo3 -->
