<?xml version="1.0" encoding="UTF-8"?>
<!-- Generated by org.testng.reporters.JUnitReportReporter -->
<testsuite hostname="Aanya" failures="0" tests="1" name="com.DriverSession.DriverSessionWithDesiredCapabilities" time="16.480" errors="0" timestamp="2024-12-03T09:34:59 IST" skipped="0">
  <testcase classname="com.DriverSession.DriverSessionWithDesiredCapabilities" name="testDriverSession" time="16.480"/>
  <system-out/>
</testsuite> <!-- com.DriverSession.DriverSessionWithDesiredCapabilities -->
