<?xml version="1.0" encoding="UTF-8"?>
<!-- Generated by org.testng.reporters.JUnitReportReporter -->
<testsuite hostname="Aanya" failures="0" tests="1" name="com.TestMobileFeature.TestMobileLocaters" time="40.426" errors="0" timestamp="2024-12-03T16:00:26 IST" skipped="0">
  <testcase classname="com.TestMobileFeature.TestMobileLocaters" name="testLocators" time="40.426"/>
  <system-out/>
</testsuite> <!-- com.TestMobileFeature.TestMobileLocaters -->
