<?xml version="1.0" encoding="UTF-8"?>
<!-- Generated by org.testng.reporters.JUnitReportReporter -->
<testsuite hostname="Aanya" failures="0" tests="1" name="com.TestNGDemo.D11WritetoExcel" time="0.046" errors="0" timestamp="2024-11-08T05:11:47 IST" skipped="0">
  <testcase classname="com.TestNGDemo.D11WritetoExcel" name="writeData" time="0.046"/>
  <system-out/>
</testsuite> <!-- com.TestNGDemo.D11WritetoExcel -->
