<?xml version="1.0" encoding="UTF-8"?>
<!-- Generated by org.testng.reporters.JUnitReportReporter -->
<testsuite hostname="Aanya" failures="0" tests="5" name="com.TestNGDemo.D13CreateLoginData" time="0.070" errors="0" timestamp="2024-12-26T21:12:45 IST" skipped="0">
  <testcase classname="com.TestNGDemo.D13CreateLoginData" name="createLoginData" time="0.005"/>
  <system-out/>
  <testcase classname="com.TestNGDemo.D13CreateLoginData" name="createLoginData" time="0.022"/>
  <system-out/>
  <testcase classname="com.TestNGDemo.D13CreateLoginData" name="createLoginData" time="0.012"/>
  <system-out/>
  <testcase classname="com.TestNGDemo.D13CreateLoginData" name="createLoginData" time="0.022"/>
  <system-out/>
  <testcase classname="com.TestNGDemo.D13CreateLoginData" name="createLoginData" time="0.009"/>
  <system-out/>
</testsuite> <!-- com.TestNGDemo.D13CreateLoginData -->
