<?xml version="1.0" encoding="UTF-8"?>
<!-- Generated by org.testng.reporters.JUnitReportReporter -->
<testsuite hostname="Aanya" failures="0" tests="1" name="com.TestNGDemo.D12CreateFriendsData" time="0.047" errors="0" timestamp="2024-11-08T05:47:29 IST" skipped="0">
  <testcase classname="com.TestNGDemo.D12CreateFriendsData" name="createFriendsData" time="0.047"/>
  <system-out/>
</testsuite> <!-- com.TestNGDemo.D12CreateFriendsData -->
