<?xml version="1.0" encoding="UTF-8"?>
<!-- Generated by org.testng.reporters.JUnitReportReporter -->
<testsuite hostname="Aanya" failures="0" tests="4" name="com.TestNGDemo.D02MultipalTests" time="21.740" errors="0" timestamp="2024-12-27T17:40:24 IST" skipped="0">
  <testcase classname="com.TestNGDemo.D02MultipalTests" name="testNykaa" time="8.281"/>
  <system-out/>
  <testcase classname="com.TestNGDemo.D02MultipalTests" name="testBewakoof" time="3.378"/>
  <system-out/>
  <testcase classname="com.TestNGDemo.D02MultipalTests" name="testMeesho" time="3.164"/>
  <system-out/>
  <testcase classname="com.TestNGDemo.D02MultipalTests" name="testAjio" time="6.917"/>
  <system-out/>
</testsuite> <!-- com.TestNGDemo.D02MultipalTests -->
