<?xml version="1.0" encoding="UTF-8"?>
<!-- Generated by org.testng.reporters.JUnitReportReporter -->
<testsuite hostname="Aanya" failures="0" tests="5" name="com.TestNGDemo.D06DataDrivenTesting" time="13.434" errors="0" timestamp="2024-11-05T19:40:44 IST" skipped="0">
  <testcase classname="com.TestNGDemo.D06DataDrivenTesting" name="loginToOHRM" time="2.203"/>
  <system-out/>
  <testcase classname="com.TestNGDemo.D06DataDrivenTesting" name="loginToOHRM" time="1.886"/>
  <system-out/>
  <testcase classname="com.TestNGDemo.D06DataDrivenTesting" name="loginToOHRM" time="5.899"/>
  <system-out/>
  <testcase classname="com.TestNGDemo.D06DataDrivenTesting" name="loginToOHRM" time="0.771"/>
  <system-out/>
  <testcase classname="com.TestNGDemo.D06DataDrivenTesting" name="loginToOHRM" time="2.675"/>
  <system-out/>
</testsuite> <!-- com.TestNGDemo.D06DataDrivenTesting -->
