<?xml version="1.0" encoding="UTF-8"?>
<!-- Generated by org.testng.reporters.JUnitReportReporter -->
<testsuite hostname="Aanya" failures="0" tests="1" name="AssignmentForExercise.DemoOHRMLoginLogout" time="6.123" errors="0" timestamp="2024-11-04T18:39:00 IST" skipped="0">
  <testcase classname="AssignmentForExercise.DemoOHRMLoginLogout" name="login3" time="6.123"/>
  <system-out/>
</testsuite> <!-- AssignmentForExercise.DemoOHRMLoginLogout -->
