<?xml version="1.0" encoding="UTF-8"?>
<!-- Generated by org.testng.reporters.JUnitReportReporter -->
<testsuite hostname="Aanya" failures="0" tests="4" name="com.TestNGDemo.D04BeforeAfterMethod" time="13.766" errors="0" timestamp="2024-11-04T17:31:30 IST" skipped="0">
  <testcase classname="com.TestNGDemo.D04BeforeAfterMethod" name="testNykaa" time="3.090"/>
  <system-out/>
  <testcase classname="com.TestNGDemo.D04BeforeAfterMethod" name="testBewakoof" time="1.900"/>
  <system-out/>
  <testcase classname="com.TestNGDemo.D04BeforeAfterMethod" name="testMeesho" time="1.834"/>
  <system-out/>
  <testcase classname="com.TestNGDemo.D04BeforeAfterMethod" name="testAjio" time="6.942"/>
  <system-out/>
</testsuite> <!-- com.TestNGDemo.D04BeforeAfterMethod -->
