<?xml version="1.0" encoding="UTF-8"?>
<!-- Generated by org.testng.reporters.JUnitReportReporter -->
<testsuite hostname="Aanya" failures="0" tests="4" name="com.TestNGDemo.ssignment" time="13.666" errors="0" timestamp="2024-12-27T17:35:36 IST" skipped="0">
  <testcase classname="com.TestNGDemo.ssignment" name="mobileTest" time="3.389"/>
  <system-out/>
  <testcase classname="com.TestNGDemo.ssignment" name="faishonTest" time="3.080"/>
  <system-out/>
  <testcase classname="com.TestNGDemo.ssignment" name="electronicTest" time="3.178"/>
  <system-out/>
  <testcase classname="com.TestNGDemo.ssignment" name="homeTest" time="4.019"/>
  <system-out/>
</testsuite> <!-- com.TestNGDemo.ssignment -->
