<?xml version="1.0" encoding="UTF-8"?>
<!-- Generated by org.testng.reporters.JUnitReportReporter -->
<testsuite hostname="Aanya" failures="0" tests="1" name="com.TestNGDemo.D01FirstTest" time="11.193" errors="0" timestamp="2024-11-04T09:30:42 IST" skipped="0">
  <testcase classname="com.TestNGDemo.D01FirstTest" name="openDemoQARegistration" time="11.193"/>
  <system-out/>
</testsuite> <!-- com.TestNGDemo.D01FirstTest -->
