<?xml version="1.0" encoding="UTF-8"?>
<!-- Generated by org.testng.reporters.JUnitReportReporter -->
<testsuite hostname="Aanya" failures="0" tests="1" name="com.TestNGDemo.D09KeywordDrivenFramwork" time="1.293" errors="0" timestamp="2024-11-06T18:07:12 IST" skipped="0">
  <testcase classname="com.TestNGDemo.D09KeywordDrivenFramwork" name="login" time="1.293"/>
  <system-out/>
</testsuite> <!-- com.TestNGDemo.D09KeywordDrivenFramwork -->
