<?xml version="1.0" encoding="UTF-8"?>
<!-- Generated by org.testng.reporters.JUnitReportReporter -->
<testsuite hostname="Aanya" failures="0" tests="2" name="com.TestNGDemo.D14ReadData" time="0.026" errors="0" timestamp="2024-12-26T21:13:44 IST" skipped="1">
  <testcase classname="com.TestNGDemo.D14ReadData" name="getAllData" time="0.026"/>
  <system-out/>
  <testcase classname="com.TestNGDemo.D14ReadData" name="readData">
    <skipped/>
  </testcase> <!-- readData -->
  <system-out/>
</testsuite> <!-- com.TestNGDemo.D14ReadData -->
