<?xml version="1.0" encoding="UTF-8"?>
<!-- Generated by org.testng.reporters.JUnitReportReporter -->
<testsuite hostname="Aanya" failures="0" tests="1" name="com.TestNGDemo.D10ReddifSignClint" time="1.879" errors="0" timestamp="2024-11-07T21:36:41 IST" skipped="0">
  <testcase classname="com.TestNGDemo.D10ReddifSignClint" name="rediffSignIn" time="1.879"/>
  <system-out/>
</testsuite> <!-- com.TestNGDemo.D10ReddifSignClint -->
